[debug] [2022-07-27T22:43:57.272Z] ----------------------------------------------------------------------
[debug] [2022-07-27T22:43:57.274Z] Command:       C:\Program Files\nodejs\node.exe C:\Users\VNGUYEN6\AppData\Roaming\npm\node_modules\firebase-tools\lib\bin\firebase.js init hosting
[debug] [2022-07-27T22:43:57.274Z] CLI Version:   11.3.0
[debug] [2022-07-27T22:43:57.274Z] Platform:      win32
[debug] [2022-07-27T22:43:57.274Z] Node Version:  v16.16.0
[debug] [2022-07-27T22:43:57.276Z] Time:          Wed Jul 27 2022 15:43:57 GMT-0700 (Pacific Daylight Time)
[debug] [2022-07-27T22:43:57.276Z] ----------------------------------------------------------------------
[debug] 
[debug] [2022-07-27T22:43:57.283Z] > command requires scopes: ["email","openid","https://www.googleapis.com/auth/cloudplatformprojects.readonly","https://www.googleapis.com/auth/firebase","https://www.googleapis.com/auth/cloud-platform"]
[debug] [2022-07-27T22:43:57.284Z] > authorizing via signed-in user (vince.vnguyen98@gmail.com)
[info] 
     ######## #### ########  ######## ########     ###     ######  ########
     ##        ##  ##     ## ##       ##     ##  ##   ##  ##       ##
     ######    ##  ########  ######   ########  #########  ######  ######
     ##        ##  ##    ##  ##       ##     ## ##     ##       ## ##
     ##       #### ##     ## ######## ########  ##     ##  ######  ########

You're about to initialize a Firebase project in this directory:

  C:\Users\VNGUYEN6\Desktop\learning-react\anime-app

[info] 
=== Project Setup
[info] 
[info] First, let's associate this project directory with a Firebase project.
[info] You can create multiple project aliases by running firebase use --add, 
[info] but for now we'll just set up a default project.
[info] 
[debug] [2022-07-27T22:44:03.356Z] >>> [apiv2][query] GET https://firebase.googleapis.com/v1beta1/projects pageSize=100
[debug] [2022-07-27T22:44:03.439Z] Failed to make request to https://firebase.googleapis.com/v1beta1/projects?pageSize=100
[debug] [2022-07-27T22:44:03.579Z] FirebaseError: Failed to make request to https://firebase.googleapis.com/v1beta1/projects?pageSize=100
    at RetryOperation._fn (C:\Users\VNGUYEN6\AppData\Roaming\npm\node_modules\firebase-tools\lib\apiv2.js:241:31)
    at processTicksAndRejections (node:internal/process/task_queues:96:5)
[error] 
[error] Error: Failed to list Firebase projects. See firebase-debug.log for more info.
[debug] [2022-07-27T22:45:43.899Z] ----------------------------------------------------------------------
[debug] [2022-07-27T22:45:43.900Z] Command:       C:\Program Files\nodejs\node.exe C:\Users\VNGUYEN6\AppData\Roaming\npm\node_modules\firebase-tools\lib\bin\firebase.js init
[debug] [2022-07-27T22:45:43.901Z] CLI Version:   11.3.0
[debug] [2022-07-27T22:45:43.901Z] Platform:      win32
[debug] [2022-07-27T22:45:43.901Z] Node Version:  v16.16.0
[debug] [2022-07-27T22:45:43.902Z] Time:          Wed Jul 27 2022 15:45:43 GMT-0700 (Pacific Daylight Time)
[debug] [2022-07-27T22:45:43.902Z] ----------------------------------------------------------------------
[debug] 
[debug] [2022-07-27T22:45:43.909Z] > command requires scopes: ["email","openid","https://www.googleapis.com/auth/cloudplatformprojects.readonly","https://www.googleapis.com/auth/firebase","https://www.googleapis.com/auth/cloud-platform"]
[debug] [2022-07-27T22:45:43.909Z] > authorizing via signed-in user (vince.vnguyen98@gmail.com)
[info] 
     ######## #### ########  ######## ########     ###     ######  ########
     ##        ##  ##     ## ##       ##     ##  ##   ##  ##       ##
     ######    ##  ########  ######   ########  #########  ######  ######
     ##        ##  ##    ##  ##       ##     ## ##     ##       ## ##
     ##       #### ##     ## ######## ########  ##     ##  ######  ########

You're about to initialize a Firebase project in this directory:

  C:\Users\VNGUYEN6\Desktop\learning-react\anime-app

[info] 
=== Project Setup
[info] 
[info] First, let's associate this project directory with a Firebase project.
[info] You can create multiple project aliases by running firebase use --add, 
[info] but for now we'll just set up a default project.
[info] 
[debug] [2022-07-27T22:45:56.642Z] >>> [apiv2][query] GET https://firebase.googleapis.com/v1beta1/projects pageSize=100
[debug] [2022-07-27T22:45:56.684Z] Failed to make request to https://firebase.googleapis.com/v1beta1/projects?pageSize=100
[debug] [2022-07-27T22:45:56.811Z] FirebaseError: Failed to make request to https://firebase.googleapis.com/v1beta1/projects?pageSize=100
    at RetryOperation._fn (C:\Users\VNGUYEN6\AppData\Roaming\npm\node_modules\firebase-tools\lib\apiv2.js:241:31)
    at processTicksAndRejections (node:internal/process/task_queues:96:5)
[error] 
[error] Error: Failed to list Firebase projects. See firebase-debug.log for more info.
[debug] [2022-07-27T23:30:14.844Z] ----------------------------------------------------------------------
[debug] [2022-07-27T23:30:14.846Z] Command:       C:\Program Files\nodejs\node.exe C:\Users\VNGUYEN6\AppData\Roaming\npm\node_modules\firebase-tools\lib\bin\firebase.js init
[debug] [2022-07-27T23:30:14.846Z] CLI Version:   11.3.0
[debug] [2022-07-27T23:30:14.846Z] Platform:      win32
[debug] [2022-07-27T23:30:14.847Z] Node Version:  v16.16.0
[debug] [2022-07-27T23:30:14.848Z] Time:          Wed Jul 27 2022 16:30:14 GMT-0700 (Pacific Daylight Time)
[debug] [2022-07-27T23:30:14.848Z] ----------------------------------------------------------------------
[debug] 
[debug] [2022-07-27T23:30:14.900Z] > command requires scopes: ["email","openid","https://www.googleapis.com/auth/cloudplatformprojects.readonly","https://www.googleapis.com/auth/firebase","https://www.googleapis.com/auth/cloud-platform"]
[debug] [2022-07-27T23:30:14.901Z] > authorizing via signed-in user (vince.vnguyen98@gmail.com)
[info] 
     ######## #### ########  ######## ########     ###     ######  ########
     ##        ##  ##     ## ##       ##     ##  ##   ##  ##       ##
     ######    ##  ########  ######   ########  #########  ######  ######
     ##        ##  ##    ##  ##       ##     ## ##     ##       ## ##
     ##       #### ##     ## ######## ########  ##     ##  ######  ########

You're about to initialize a Firebase project in this directory:

  C:\Users\VNGUYEN6\Desktop\learning-react\anime-app

Before we get started, keep in mind:

  * You are initializing within an existing Firebase project directory

